<?xml version="1.0" encoding="UTF-8"?>
<testng-results ignored="0" total="2" passed="2" failed="0" skipped="0">
  <reporter-output>
  </reporter-output>
  <suite started-at="2022-01-17T13:29:29 IST" name="Default suite" finished-at="2022-01-17T13:29:32 IST" duration-ms="2879">
    <groups>
    </groups>
    <test started-at="2022-01-17T13:29:29 IST" name="Default test" finished-at="2022-01-17T13:29:32 IST" duration-ms="2879">
      <class name="Authentication.Authesntication">
        <test-method signature="digestiveAuth()[pri:0, instance:Authentication.Authesntication@71a8adcf]" started-at="2022-01-17T13:29:29 IST" name="digestiveAuth" finished-at="2022-01-17T13:29:32 IST" duration-ms="2650" status="PASS">
          <reporter-output>
          </reporter-output>
        </test-method> <!-- digestiveAuth -->
        <test-method signature="preemptiveAuth()[pri:0, instance:Authentication.Authesntication@71a8adcf]" started-at="2022-01-17T13:29:32 IST" name="preemptiveAuth" finished-at="2022-01-17T13:29:32 IST" duration-ms="184" status="PASS">
          <reporter-output>
          </reporter-output>
        </test-method> <!-- preemptiveAuth -->
      </class> <!-- Authentication.Authesntication -->
    </test> <!-- Default test -->
  </suite> <!-- Default suite -->
</testng-results>
